   0  288.15 25.2987 24.7273 -9.9000 23.3765 20.1255 -9.9000 25.4060 28.960
   5  255.68 25.0777 24.5063 -9.9000 23.1555 19.9045 -9.9000 25.1850 28.960
  10  223.25 24.8271 24.2557 -9.9000 22.9049 19.6539 -9.9000 24.9344 28.960
  15  216.65 24.5001 23.9287 -9.9000 22.5779 19.3269 -9.9000 24.6074 28.960
  20  216.65 24.1595 23.5881 -9.9000 22.2373 18.9863 -9.9000 24.2668 28.960
  25  221.55 23.8136 23.2421 -9.9000 21.8913 18.6403 -9.9000 23.9209 28.960
  30  226.51 23.4756 22.9042 -9.9000 21.5534 18.3024 -9.9000 23.5829 28.960
  35  236.51 23.1381 22.5667 -6.3847 21.2159 17.9649 -9.9000 23.2454 28.960
  40  250.35 22.8122 22.2407 -2.7546 20.8899 17.6390 -9.9000 22.9195 28.960
  45  264.17 22.5042 21.9328   .5963 20.5820 17.3310 -9.9000 22.6115 28.960
  50  270.65 22.2221 21.6507  3.6757 20.2999 17.0489 -9.9000 22.3294 28.960
  55  260.77 21.9650 21.3936  6.4829 20.0428 16.7918 -9.9000 22.0723 28.960
  60  247.02 21.7015 21.1300  8.9864 19.7792 16.5282 -9.9000 21.8087 28.960
  65  233.29 21.4233 20.8519 11.1780 19.5011 16.2501 -9.9000 21.5306 28.960
  70  219.58 21.1287 20.5573 13.0560 19.2065 15.9555 -9.9000 21.2360 28.960
  75  208.40 20.8117 20.2403 14.6143 18.8895 15.6385 -9.9000 20.9190 28.960
  80  198.63 20.4767 19.9052 15.8573 18.5544 15.3034 -9.9000 20.5839 28.960
  81  196.68 20.4077 19.8363 16.0683 18.4855 15.2345 -9.9000 20.5150 28.959
  82  194.73 20.3382 19.7667 16.2668 18.4159 15.1649 -9.9000 20.4454 28.959
  83  192.79 20.2679 19.6963 16.4527 18.3457 15.0947 -9.9000 20.3752 28.958
  84  190.84 20.1969 19.6253 16.6260 18.2747 15.0237 -9.9000 20.3042 28.957
  85  188.89 20.1253 19.5534 16.7867 18.2031 14.9521 -9.9000 20.2326 28.955
  86  188.00 20.0507 19.4785 16.9326 18.1284 14.8774 -9.9000 20.1580 28.951
  87  188.00 19.9738 19.4012 17.0643 18.0516 14.8006 -9.9000 20.0811 28.946
  88  188.00 19.8970 19.3236 17.1842 17.9747 14.7237 -9.9000 20.0042 28.938
  89  188.00 19.8201 19.2458 17.2921 17.8979 14.6469 -9.9000 19.9274 28.926
  90  188.00 19.7457 19.1692 17.3899 17.8235 14.5725 -9.9000 19.8534 28.908
  91  188.02 19.6686 19.0896 17.4734 17.7464 14.4954 -9.9000 19.7765 28.884
  92  188.11 19.5914 19.0086 17.5474 17.6691 14.4181 -9.9000 19.6994 28.852
  93  188.27 19.5139 18.9263 17.6049 17.5917 14.3407 -9.9000 19.6221 28.812
  94  188.52 19.4364 18.8428 17.6455 17.5142 14.2632 -9.9000 19.5446 28.765
  95  188.89 19.3587 18.7580 17.6716 17.4365 14.1855 -9.9000 19.4671 28.711
  96  189.40 19.2811 18.6723 17.6856 17.3588 14.1079 -9.9000 19.3895 28.651
  97  190.10 19.2034 18.5858 17.6901 17.2812 14.0302 -9.9000 19.3119 28.586
  98  191.01 19.1258 18.4986 17.6872 17.2036 13.9526 -9.9000 19.2345 28.516
  99  192.19 19.0483 18.4110 17.6784 17.1261 13.8751 -9.9000 19.1573 28.440
 100  193.69 18.9709 18.3232 17.6649 17.0487 13.7977 -9.9000 19.0803 28.360
 102  197.92 18.8195 18.1489 17.6000 16.8367 13.7716 -9.9000 18.9281 28.208
 104  204.27 18.6674 17.9720 17.5426 16.6257 13.7433 -9.9000 18.7766 28.022
 106  213.38 18.5153 17.7915 17.4864 16.4169 13.7126 -9.9000 18.6261 27.799
 108  225.78 18.3642 17.6068 17.4263 16.2118 13.6793 -9.9000 18.4772 27.546
 110  241.68 18.2158 17.4194 17.3597 16.0128 13.6440 -9.9000 18.3315 27.276
 115  293.17 17.8710 16.9819 17.1721 15.5569 13.5547 -9.9000 17.9962 26.640
 120  350.50 17.5778 16.6364 16.9849 15.1718 13.4758 -9.9000 17.7157 26.145
 125  409.79 17.3278 16.3561 16.8154 14.8442 13.4077 -9.9000 17.4793 25.734
 130  469.57 17.1116 16.1168 16.6669 14.5611 13.3486 -9.9000 17.2769 25.361
 135  526.91 16.9233 15.9087 16.5379 14.3138 13.2978 -9.9000 17.1026 25.011
 140  579.96 16.7574 15.7251 16.4253 14.0950 13.2542 -9.9000 16.9507 24.680
 145  627.67 16.6094 15.5610 16.3260 13.8986 13.2167 -9.9000 16.8169 24.363
 150  669.79 16.4756 15.4121 16.2375 13.7198 13.1841 11.7563 16.6974 24.059
 155  706.57 16.3530 15.2754 16.1575 13.5549 13.1555 11.6959 16.5894 23.764
 160  738.52 16.2392 15.1482 16.0843 13.4008 13.1301 11.6435 16.4905 23.478
 170  790.39 16.0316 14.9152 15.9531 13.1173 13.0864 11.5576 16.3134 22.926
 180  829.88 15.8428 14.7026 15.8362 12.8571 13.0493 11.4904 16.1567 22.396
 190  860.42 15.6669 14.5039 15.7290 12.6130 13.0167 11.4368 16.0143 21.889
 200  884.39 15.5002 14.3152 15.6287 12.3803 12.9872 11.3932 15.8828 21.402
 210  903.46 15.3403 14.1339 15.5334 12.1563 12.9599 11.3574 15.7598 20.938
 220  918.80 15.1857 13.9583 15.4419 11.9389 12.9343 11.3277 15.6435 20.497
 230  931.26 15.0352 13.7872 15.3534 11.7267 12.9100 11.3026 15.5329 20.080
 240  941.45 14.8880 13.6197 15.2673 11.5188 12.8867 11.2813 15.4270 19.688
 250  949.85 14.7434 13.4552 15.1831 11.3144 12.8642 11.2630 15.3252 19.322
 260  956.81 14.6011 13.2931 15.1005 11.1128 12.8424 11.2471 15.2270 18.980
 270  962.62 14.4607 13.1331 15.0192 10.9137 12.8211 11.2331 15.1318 18.663
 280  967.49 14.3219 12.9748 14.9390 10.7167 12.8002 11.2208 15.0393 18.370
 290  971.60 14.1845 12.8181 14.8597 10.5215 12.7797 11.2097 14.9492 18.100
 300  975.08 14.0483 12.6628 14.7813 10.3280 12.7595 11.1996 14.8613 17.851
 310  978.04 13.9132 12.5086 14.7035 10.1359 12.7396 11.1904 14.7753 17.623
 320  980.57 13.7791 12.3556 14.6264  9.9451 12.7199 11.1820 14.6910 17.412
 330  982.74 13.6458 12.2035 14.5499  9.7554 12.7004 11.1741 14.6083 17.219
 340  984.61 13.5134 12.0523 14.4739  9.5669 12.6810 11.1668 14.5270 17.040
 350  986.24 13.3816 11.9019 14.3984  9.3794 12.6619 11.1599 14.4469 16.874
 360  987.65 13.2506 11.7523 14.3233  9.1928 12.6428 11.1533 14.3681 16.720
 370  988.88 13.1202 11.6035 14.2486  9.0070 12.6240 11.1470 14.2904 16.575
 380  989.95 12.9904 11.4553 14.1742  8.8221 12.6052 11.1410 14.2138 16.438
 390  990.90 12.8612 11.3077 14.1002  8.6380 12.5865 11.1352 14.1381 16.306
 400  991.74 12.7325 11.1608 14.0266  8.4547 12.5680 11.1295 14.0633 16.179
 420  993.13 12.4767 10.8687 13.8802  8.0902 12.5311 11.1187 13.9164 15.932
 440  994.24 12.2228 10.5788 13.7350  7.7284 12.4946 11.1084 13.7730 15.684
 460  995.12 11.9708 10.2910 13.5909  7.3691 12.4584 11.0984 13.6329 15.422
 480  995.84 11.7205 10.0051 13.4479  7.0124 12.4225 11.0887 13.4962 15.135
 500  996.42 11.4719  9.7212 13.3058  6.6580 12.3869 11.0792 13.3632 14.813
 520  996.90 11.2250  9.4391 13.1646  6.3058 12.3515 11.0699 13.2341 14.445
 540  997.30 10.9796  9.1588 13.0244  5.9560 12.3163 11.0608 13.1093 14.024
 560  997.64 10.7357  8.8803 12.8850  5.6083 12.2814 11.0517 12.9892 13.543
 580  997.92 10.4933  8.6034 12.7466  5.2627 12.2467 11.0428 12.8742 13.001
 600  998.16 10.2524  8.3283 12.6089  4.9192 12.2123 11.0340 12.7649 12.398
 620  998.36 10.0130  8.0548 12.4721  4.5778 12.1780 11.0252 12.6617 11.742
 640  998.54  9.7750  7.7829 12.3362  4.2384 12.1440 11.0165 12.5648 11.043
 660  998.69  9.5384  7.5127 12.2010  3.9010 12.1101 11.0079 12.4746 10.318
 680  998.82  9.3031  7.2440 12.0666  3.5656 12.0765 10.9994 12.3910  9.586
 700  998.94  9.0693  6.9769 11.9331  3.2322 12.0431 10.9909 12.3140  8.865
 720  999.04  8.8368  6.7113 11.8002  2.9006 12.0098 10.9825 12.2433  8.173
 740  999.13  8.6056  6.4472 11.6682  2.5710 11.9768 10.9741 12.1785  7.527
 760  999.20  8.3758  6.1847 11.5369  2.2432 11.9439 10.9658 12.1192  6.936
 780  999.27  8.1472  5.9237 11.4064  1.9174 11.9112 10.9575 12.0648  6.406
 800  999.33  7.9200  5.6641 11.2766  1.5933 11.8788 10.9493 12.0147  5.939
 820  999.39  7.6940  5.4060 11.1475  1.2711 11.8465 10.9411 11.9685  5.534
 840  999.44  7.4694  5.1494 11.0192   .9507 11.8144 10.9330 11.9255  5.187
 860  999.48  7.2459  4.8941 10.8916   .6321 11.7824 10.9249 11.8854  4.892
 880  999.52  7.0237  4.6403 10.7647   .3153 11.7507 10.9169 11.8476  4.643
 900  999.56  6.8028  4.3880 10.6385   .0002 11.7191 10.9090 11.8118  4.433
 920  999.59  6.5831  4.1370 10.5130  -.3131 11.6877 10.9010 11.7777  4.257
 940  999.62  6.3646  3.8874 10.3882  -.6247 11.6565 10.8931 11.7451  4.109
 960  999.64  6.1473  3.6392 10.2640  -.9346 11.6254 10.8853 11.7137  3.984
 980  999.67  5.9311  3.3923 10.1406 -1.2428 11.5945 10.8775 11.6834  3.878
1000  999.69  5.7162  3.1468 10.0178 -1.5493 11.5638 10.8698 11.6540  3.788
1050  999.74  5.1840  2.5388  9.7139 -2.3083 11.4878 10.8506 11.5838  3.611
1100  999.77  4.6589  1.9390  9.4140 -3.0571 11.4127 10.8316 11.5173  3.480
1150  999.81  4.1408  1.3473  9.1181 -3.7959 11.3387 10.8130 11.4540  3.373
1200  999.83  3.6296   .7634  8.8261 -4.5248 11.2656 10.7946 11.3933  3.281
1250  999.85  3.1251   .1871  8.5380 -5.2442 11.1936 10.7764 11.3350  3.194
1300  999.87  2.6273  -.3816  8.2536 -5.9542 11.1224 10.7585 11.2789  3.111
1350  999.89  2.1359  -.9429  7.9730 -6.6549 11.0522 10.7408 11.2251  3.028
1400  999.90  1.6508 -1.4969  7.6960 -7.3466 10.9829 10.7233 11.1734  2.944
1450  999.91  1.1720 -2.0439  7.4225 -8.0294 10.9145 10.7061 11.1238  2.860
1500  999.92   .6993 -2.5839  7.1525 -8.7035 10.8469 10.6890 11.0762  2.776
1600  999.93  -.2283 -3.6434  6.6227 -9.9000 10.7144 10.6556 10.9871  2.607
1700  999.95 -1.1329 -4.6767  6.1060 -9.9000 10.5851 10.6231 10.9056  2.440
1800  999.95 -2.0153 -5.6846  5.6021 -9.9000 10.4591 10.5913 10.8312  2.279
1900  999.96 -2.8763 -6.6681  5.1103 -9.9000 10.3360 10.5603 10.7635  2.127
2000  999.97 -3.7167 -7.6281  4.6303 -9.9000 10.2160 10.5301 10.7018  1.986
2100  999.97 -4.5372 -8.5654  4.1617 -9.9000 10.0987 10.5005 10.6456  1.858
2200  999.98 -5.3386 -9.4807  3.7040 -9.9000  9.9842 10.4717 10.5941  1.743
2300  999.98 -6.1214 -9.9000  3.2570 -9.9000  9.8724 10.4435 10.5468  1.642
2400  999.98 -6.8863 -9.9000  2.8201 -9.9000  9.7631 10.4160 10.5032  1.553
2500  999.98 -7.6340 -9.9000  2.3931 -9.9000  9.6563 10.3891 10.4628  1.475

